2025-12-14 18:35:28, MOVE, v:1, k:poo@pagamento, mode:PICK
2025-12-14 18:35:30, EXEC, v:1, k:poo@pagamento, mode:LOCK, rate:0, size:6
2025-12-14 18:35:34, EXEC, v:1, k:poo@pagamento, mode:LOCK, rate:0
2025-12-14 18:36:01, EXEC, v:1, k:poo@pagamento, mode:LOCK, rate:100, size:6
2025-12-14 18:41:48, EXEC, v:1, k:poo@pagamento, mode:LOCK, rate:100, size:15
2025-12-14 18:41:51, EXEC, v:1, k:poo@pagamento, mode:LOCK, rate:100
2025-12-14 19:18:25, EXEC, v:1, k:poo@pagamento, mode:LOCK, rate:0, size:101
2025-12-14 19:19:11, EXEC, v:1, k:poo@pagamento, mode:LOCK, rate:0, size:101
2025-12-14 19:20:13, EXEC, v:1, k:poo@pagamento, mode:LOCK, rate:0, size:101
2025-12-14 19:20:18, MOVE, v:1, k:poo@pagamento, mode:BACK
2025-12-14 19:30:06, MOVE, v:1, k:poo@zoo, mode:PICK
2025-12-14 19:42:27, MOVE, v:1, k:poo@zoo, mode:BACK
2025-12-14 19:42:46, MOVE, v:1, k:poo@zoo, mode:PICK
2025-12-14 19:42:48, EXEC, v:1, k:poo@zoo, mode:LOCK, rate:0, size:2
2025-12-14 19:48:50, EXEC, v:1, k:poo@zoo, mode:LOCK, rate:100, size:32
2025-12-14 19:52:53, EXEC, v:1, k:poo@zoo, mode:LOCK, rate:100, size:57
2025-12-14 19:55:26, EXEC, v:1, k:poo@zoo, mode:LOCK, rate:0, size:67
2025-12-14 19:56:36, EXEC, v:1, k:poo@zoo, mode:LOCK, rate:0
2025-12-14 19:56:38, MOVE, v:1, k:poo@zoo, mode:BACK
2025-12-14 19:59:00, SELF, v:1, k:poo@zoo, rate:100, human:_, alone:8, study:30
2025-12-14 19:59:16, SELF, v:1, k:poo@pagamento, rate:100, human:_, alone:8, study:50
2025-12-14 20:12:56, MOVE, v:1, k:poo@zoo, mode:PICK
2025-12-14 20:12:58, MOVE, v:1, k:poo@zoo, mode:BACK
